steam@66c78b1857b5:~/steamcmd$ /home/steam/valheim/valheim_server.x86_64  -nographics -batchmode -name "OincLand" -port 2456 -world "OincLand" -password "supersecret21" -public 1
Found path: /home/steam/valheim/valheim_server.x86_64
Mono path[0] = '/home/steam/valheim/valheim_server_Data/Managed'
Mono config path = '/home/steam/valheim/valheim_server_Data/MonoBleedingEdge/etc'
Preloaded 'libsteam_api.so'
Unable to load player prefs
Initialize engine version: 2019.4.20f1 (6dd1c08eedfa)
[Subsystems] Discovering subsystems at path /home/steam/valheim/valheim_server_Data/UnitySubsystems
Forcing GfxDevice: Null
GfxDevice: creating device client; threaded=0
NullGfxDevice:
    Version:  NULL 1.0 [1.0]
    Renderer: Null Device
    Vendor:   Unity Technologies
Begin MonoManager ReloadAssembly
- Completed reload, in  0.081 seconds
UnloadTime: 0.558000 ms
03/11/2021 00:55:08: Starting to load scene:start

(Filename: ./Runtime/Export/Debug/Debug.bindings.h Line: 35)

HDR Render Texture not supported, disabling HDR on reflection probe.
(Filename:  Line: 277)

HDR Render Texture not supported, disabling HDR on reflection probe.
(Filename:  Line: 277)

Unloading 6 Unused Serialized files (Serialized files now loaded: 0)
UnloadTime: 3.692000 ms
Only custom filters can be played. Please add a custom filter or an audioclip to the audiosource (Amb_MainMenu).
(Filename:  Line: 509)

HDR Render Texture not supported, disabling HDR on reflection probe.
(Filename:  Line: 277)

03/11/2021 00:55:17: Initializing world generator seed: ( 0 )   menu:True  worldgen version:1

(Filename: ./Runtime/Export/Debug/Debug.bindings.h Line: 35)

03/11/2021 00:55:17: Using mountain distance: 1000

(Filename: ./Runtime/Export/Debug/Debug.bindings.h Line: 35)

03/11/2021 00:55:17: Render threading mode:SingleThreaded

(Filename: ./Runtime/Export/Debug/Debug.bindings.h Line: 35)

03/11/2021 00:55:17: Get create world OincLand

(Filename: ./Runtime/Export/Debug/Debug.bindings.h Line: 35)

03/11/2021 00:55:17: Failed to find APPID

(Filename: ./Runtime/Export/Debug/Debug.bindings.h Line: 35)

03/11/2021 00:55:17: Using steam APPID:0

(Filename: ./Runtime/Export/Debug/Debug.bindings.h Line: 35)

03/11/2021 00:55:17: Invalid APPID

(Filename: ./Runtime/Export/Debug/Debug.bindings.h Line: 35)

03/11/2021 00:55:17: Steam is not initialized

(Filename: ./Runtime/Export/Debug/Debug.bindings.h Line: 35)

03/11/2021 00:55:17: Missing audio clip in music respawn

(Filename: ./Runtime/Export/Debug/Debug.bindings.h Line: 35)

03/11/2021 00:55:17: Builder started

(Filename: ./Runtime/Export/Debug/Debug.bindings.h Line: 35)

03/11/2021 00:55:18: Loaded localization English

(Filename: ./Runtime/Export/Debug/Debug.bindings.h Line: 35)


Unloading 16 unused Assets to reduce memory usage. Loaded Objects now: 85988.
Total: 45.590200 ms (FindLiveObjects: 2.709200 ms CreateObjectMapping: 9.127100 ms MarkObjects: 33.441800 ms  DeleteObjects: 0.297700 ms)

Setting up 2 worker threads for Enlighten.
  Thread -> id: 7f722d69c700 -> priority: 1
  Thread -> id: 7f722ce9b700 -> priority: 1
03/11/2021 00:55:18: Steam manager on destroy

(Filename: ./Runtime/Export/Debug/Debug.bindings.h Line: 35)